<?xml version="1.0" encoding="UTF-8"?>
<testsuite name="Academy Choucair" tests="1" skipped="0" failures="0" errors="0" timestamp="2021-02-21T03:04:57" hostname="DESKTOP-JF9POI3" time="37.533">
  <properties/>
  <testcase name="Search for automation course" classname="Academy Choucair" time="37.533"/>
  <system-out><![CDATA[]]></system-out>
  <system-err><![CDATA[[Test worker] WARN net.thucydides.core.steps.BaseStepListener - stepStarted: net.thucydides.core.steps.ExecutedStepDescription@e647426
[Test worker] WARN net.thucydides.core.steps.BaseStepListener - stepStarted: net.thucydides.core.steps.ExecutedStepDescription@64210c2e
[Test worker] WARN net.thucydides.core.steps.BaseStepListener - stepStarted: net.thucydides.core.steps.ExecutedStepDescription@164ed674
feb 20, 2021 9:04:59 PM org.openqa.selenium.remote.DesiredCapabilities chrome
INFORMACIÓN: Using `new ChromeOptions()` is preferred to `DesiredCapabilities.chrome()`
[Test worker] INFO net.serenitybdd.core.webdriver.driverproviders.ProvideNewDriver - Instantiating driver
[Test worker] INFO net.serenitybdd.core.webdriver.driverproviders.ProvideNewDriver - Driver capabilities: Capabilities {acceptInsecureCerts: false, browserName: chrome, chrome.switches: --start-maximized, goog:chromeOptions: {args: [--start-maximized], extensions: []}, loggingPrefs: org.openqa.selenium.logging..., platform: ANY, version: }
Starting ChromeDriver 88.0.4324.96 (68dba2d8a0b149a1d3afac56fa74648032bcf46b-refs/branch-heads/4324@{#1784}) on port 40967
Only local connections are allowed.
Please see https://chromedriver.chromium.org/security-considerations for suggestions on keeping ChromeDriver safe.
ChromeDriver was started successfully.
feb 20, 2021 9:05:04 PM org.openqa.selenium.remote.ProtocolHandshake createSession
INFORMACIÓN: Detected dialect: W3C
[Test worker] WARN net.thucydides.core.steps.BaseStepListener - stepFinished: current outcome:Search for automation course:Given than Rose wants to learn automation at the academy Choucair
| strUser | strPassword |
| 1061726699 | Choucair2021* | [Rose open up [Rose opens the Choucair academy page]]
[Test worker] WARN net.thucydides.core.steps.BaseStepListener - stepFinished: current outcome:Search for automation course:Given than Rose wants to learn automation at the academy Choucair
| strUser | strPassword |
| 1061726699 | Choucair2021* | [Rose open up [Rose opens the Choucair academy page]]
[Test worker] WARN net.thucydides.core.steps.BaseStepListener - stepStarted: net.thucydides.core.steps.ExecutedStepDescription@134e5403
[Test worker] WARN net.thucydides.core.steps.BaseStepListener - stepStarted: net.thucydides.core.steps.ExecutedStepDescription@2f84b77
[Test worker] WARN net.thucydides.core.steps.BaseStepListener - stepFinished: current outcome:Search for automation course:Given than Rose wants to learn automation at the academy Choucair
| strUser | strPassword |
| 1061726699 | Choucair2021* | [Rose open up [Rose opens the Choucair academy page], Rose login [Rose clicks on button  that shows  us the  form  to login]]
[Test worker] WARN net.thucydides.core.steps.BaseStepListener - stepStarted: net.thucydides.core.steps.ExecutedStepDescription@8e73bf0
[Test worker] WARN net.thucydides.core.steps.BaseStepListener - stepFinished: current outcome:Search for automation course:Given than Rose wants to learn automation at the academy Choucair
| strUser | strPassword |
| 1061726699 | Choucair2021* | [Rose open up [Rose opens the Choucair academy page], Rose login [Rose clicks on button  that shows  us the  form  to login, Rose enters '1061726699' into where do you write the user]]
[Test worker] WARN net.thucydides.core.steps.BaseStepListener - stepStarted: net.thucydides.core.steps.ExecutedStepDescription@7e341803
[Test worker] WARN net.thucydides.core.steps.BaseStepListener - stepFinished: current outcome:Search for automation course:Given than Rose wants to learn automation at the academy Choucair
| strUser | strPassword |
| 1061726699 | Choucair2021* | [Rose open up [Rose opens the Choucair academy page], Rose login [Rose clicks on button  that shows  us the  form  to login, Rose enters '1061726699' into where do you write the user, Rose enters 'Choucair2021*' into where do we write the password]]
[Test worker] WARN net.thucydides.core.steps.BaseStepListener - stepStarted: net.thucydides.core.steps.ExecutedStepDescription@1973b1e4
[Test worker] WARN net.thucydides.core.steps.BaseStepListener - stepFinished: current outcome:Search for automation course:Given than Rose wants to learn automation at the academy Choucair
| strUser | strPassword |
| 1061726699 | Choucair2021* | [Rose open up [Rose opens the Choucair academy page], Rose login [Rose clicks on button  that shows  us the  form  to login, Rose enters '1061726699' into where do you write the user, Rose enters 'Choucair2021*' into where do we write the password, Rose clicks on button to confirm login]]
[Test worker] WARN net.thucydides.core.steps.BaseStepListener - stepFinished: current outcome:Search for automation course:Given than Rose wants to learn automation at the academy Choucair
| strUser | strPassword |
| 1061726699 | Choucair2021* | [Rose open up [Rose opens the Choucair academy page], Rose login [Rose clicks on button  that shows  us the  form  to login, Rose enters '1061726699' into where do you write the user, Rose enters 'Choucair2021*' into where do we write the password, Rose clicks on button to confirm login]]
[Test worker] WARN net.thucydides.core.steps.BaseStepListener - stepFinished: current outcome:Search for automation course:Given than Rose wants to learn automation at the academy Choucair
| strUser | strPassword |
| 1061726699 | Choucair2021* | [Rose open up [Rose opens the Choucair academy page], Rose login [Rose clicks on button  that shows  us the  form  to login, Rose enters '1061726699' into where do you write the user, Rose enters 'Choucair2021*' into where do we write the password, Rose clicks on button to confirm login]]
[Test worker] WARN net.thucydides.core.steps.BaseStepListener - stepStarted: net.thucydides.core.steps.ExecutedStepDescription@5d4b6ab8
[Test worker] WARN net.thucydides.core.steps.BaseStepListener - stepStarted: net.thucydides.core.steps.ExecutedStepDescription@36e48ca
[Test worker] WARN net.thucydides.core.steps.BaseStepListener - stepStarted: net.thucydides.core.steps.ExecutedStepDescription@2d00bc86
[Test worker] WARN net.thucydides.core.steps.BaseStepListener - stepFinished: current outcome:Search for automation course:Given than Rose wants to learn automation at the academy Choucair
| strUser | strPassword |
| 1061726699 | Choucair2021* | [Rose open up [Rose opens the Choucair academy page], Rose login [Rose clicks on button  that shows  us the  form  to login, Rose enters '1061726699' into where do you write the user, Rose enters 'Choucair2021*' into where do we write the password, Rose clicks on button to confirm login]], When she search for the  course on the  Choucair  Academy  Platform
| strCourse |
| Foundation Express | [Rose search [Rose clicks on Selecciona la universidad Choucair]]
[Test worker] WARN net.thucydides.core.steps.BaseStepListener - stepStarted: net.thucydides.core.steps.ExecutedStepDescription@3995f1cc
[Test worker] WARN net.thucydides.core.steps.BaseStepListener - stepFinished: current outcome:Search for automation course:Given than Rose wants to learn automation at the academy Choucair
| strUser | strPassword |
| 1061726699 | Choucair2021* | [Rose open up [Rose opens the Choucair academy page], Rose login [Rose clicks on button  that shows  us the  form  to login, Rose enters '1061726699' into where do you write the user, Rose enters 'Choucair2021*' into where do we write the password, Rose clicks on button to confirm login]], When she search for the  course on the  Choucair  Academy  Platform
| strCourse |
| Foundation Express | [Rose search [Rose clicks on Selecciona la universidad Choucair, Rose enters 'Foundation Express' into Buscar curso]]
[Test worker] WARN net.thucydides.core.steps.BaseStepListener - stepStarted: net.thucydides.core.steps.ExecutedStepDescription@1aaffe9a
[Test worker] WARN net.thucydides.core.steps.BaseStepListener - stepFinished: current outcome:Search for automation course:Given than Rose wants to learn automation at the academy Choucair
| strUser | strPassword |
| 1061726699 | Choucair2021* | [Rose open up [Rose opens the Choucair academy page], Rose login [Rose clicks on button  that shows  us the  form  to login, Rose enters '1061726699' into where do you write the user, Rose enters 'Choucair2021*' into where do we write the password, Rose clicks on button to confirm login]], When she search for the  course on the  Choucair  Academy  Platform
| strCourse |
| Foundation Express | [Rose search [Rose clicks on Selecciona la universidad Choucair, Rose enters 'Foundation Express' into Buscar curso, Rose clicks on Da click para buscar el curso]]
[Test worker] WARN net.thucydides.core.steps.BaseStepListener - stepStarted: net.thucydides.core.steps.ExecutedStepDescription@25d864a3
[Test worker] WARN net.thucydides.core.steps.BaseStepListener - stepFinished: current outcome:Search for automation course:Given than Rose wants to learn automation at the academy Choucair
| strUser | strPassword |
| 1061726699 | Choucair2021* | [Rose open up [Rose opens the Choucair academy page], Rose login [Rose clicks on button  that shows  us the  form  to login, Rose enters '1061726699' into where do you write the user, Rose enters 'Choucair2021*' into where do we write the password, Rose clicks on button to confirm login]], When she search for the  course on the  Choucair  Academy  Platform
| strCourse |
| Foundation Express | [Rose search [Rose clicks on Selecciona la universidad Choucair, Rose enters 'Foundation Express' into Buscar curso, Rose clicks on Da click para buscar el curso, Rose clicks on Ingresa al curso]]
[Test worker] WARN net.thucydides.core.steps.BaseStepListener - stepFinished: current outcome:Search for automation course:Given than Rose wants to learn automation at the academy Choucair
| strUser | strPassword |
| 1061726699 | Choucair2021* | [Rose open up [Rose opens the Choucair academy page], Rose login [Rose clicks on button  that shows  us the  form  to login, Rose enters '1061726699' into where do you write the user, Rose enters 'Choucair2021*' into where do we write the password, Rose clicks on button to confirm login]], When she search for the  course on the  Choucair  Academy  Platform
| strCourse |
| Foundation Express | [Rose search [Rose clicks on Selecciona la universidad Choucair, Rose enters 'Foundation Express' into Buscar curso, Rose clicks on Da click para buscar el curso, Rose clicks on Ingresa al curso]]
[Test worker] WARN net.thucydides.core.steps.BaseStepListener - stepFinished: current outcome:Search for automation course:Given than Rose wants to learn automation at the academy Choucair
| strUser | strPassword |
| 1061726699 | Choucair2021* | [Rose open up [Rose opens the Choucair academy page], Rose login [Rose clicks on button  that shows  us the  form  to login, Rose enters '1061726699' into where do you write the user, Rose enters 'Choucair2021*' into where do we write the password, Rose clicks on button to confirm login]], When she search for the  course on the  Choucair  Academy  Platform
| strCourse |
| Foundation Express | [Rose search [Rose clicks on Selecciona la universidad Choucair, Rose enters 'Foundation Express' into Buscar curso, Rose clicks on Da click para buscar el curso, Rose clicks on Ingresa al curso]]
[Test worker] WARN net.thucydides.core.steps.BaseStepListener - stepStarted: net.thucydides.core.steps.ExecutedStepDescription@22dbe659
[Test worker] WARN net.thucydides.core.steps.BaseStepListener - stepStarted: net.thucydides.core.steps.ExecutedStepDescription@773d7b19
[Test worker] WARN net.thucydides.core.steps.BaseStepListener - stepFinished: current outcome:Search for automation course:Given than Rose wants to learn automation at the academy Choucair
| strUser | strPassword |
| 1061726699 | Choucair2021* | [Rose open up [Rose opens the Choucair academy page], Rose login [Rose clicks on button  that shows  us the  form  to login, Rose enters '1061726699' into where do you write the user, Rose enters 'Choucair2021*' into where do we write the password, Rose clicks on button to confirm login]], When she search for the  course on the  Choucair  Academy  Platform
| strCourse |
| Foundation Express | [Rose search [Rose clicks on Selecciona la universidad Choucair, Rose enters 'Foundation Express' into Buscar curso, Rose clicks on Da click para buscar el curso, Rose clicks on Ingresa al curso]], Then she finds the course called
| strCourse |
| Foundation Express | [Then answer]
[Test worker] WARN net.thucydides.core.steps.BaseStepListener - stepFinished: current outcome:Search for automation course:Given than Rose wants to learn automation at the academy Choucair
| strUser | strPassword |
| 1061726699 | Choucair2021* | [Rose open up [Rose opens the Choucair academy page], Rose login [Rose clicks on button  that shows  us the  form  to login, Rose enters '1061726699' into where do you write the user, Rose enters 'Choucair2021*' into where do we write the password, Rose clicks on button to confirm login]], When she search for the  course on the  Choucair  Academy  Platform
| strCourse |
| Foundation Express | [Rose search [Rose clicks on Selecciona la universidad Choucair, Rose enters 'Foundation Express' into Buscar curso, Rose clicks on Da click para buscar el curso, Rose clicks on Ingresa al curso]], Then she finds the course called
| strCourse |
| Foundation Express | [Then answer]
[Test worker] WARN net.thucydides.core.steps.BaseStepListener - testFinished: Search for automation course:Given than Rose wants to learn automation at the academy Choucair
| strUser | strPassword |
| 1061726699 | Choucair2021* | [Rose open up [Rose opens the Choucair academy page], Rose login [Rose clicks on button  that shows  us the  form  to login, Rose enters '1061726699' into where do you write the user, Rose enters 'Choucair2021*' into where do we write the password, Rose clicks on button to confirm login]], When she search for the  course on the  Choucair  Academy  Platform
| strCourse |
| Foundation Express | [Rose search [Rose clicks on Selecciona la universidad Choucair, Rose enters 'Foundation Express' into Buscar curso, Rose clicks on Da click para buscar el curso, Rose clicks on Ingresa al curso]], Then she finds the course called
| strCourse |
| Foundation Express | [Then answer]
[Test worker] WARN net.thucydides.core.steps.BaseStepListener - TestOutcomes: [Search for automation course:Given than Rose wants to learn automation at the academy Choucair
| strUser | strPassword |
| 1061726699 | Choucair2021* | [Rose open up [Rose opens the Choucair academy page], Rose login [Rose clicks on button  that shows  us the  form  to login, Rose enters '1061726699' into where do you write the user, Rose enters 'Choucair2021*' into where do we write the password, Rose clicks on button to confirm login]], When she search for the  course on the  Choucair  Academy  Platform
| strCourse |
| Foundation Express | [Rose search [Rose clicks on Selecciona la universidad Choucair, Rose enters 'Foundation Express' into Buscar curso, Rose clicks on Da click para buscar el curso, Rose clicks on Ingresa al curso]], Then she finds the course called
| strCourse |
| Foundation Express | [Then answer]]
[Test worker] WARN net.thucydides.core.steps.BaseStepListener - Final testOutcomes: [Search for automation course:Given than Rose wants to learn automation at the academy Choucair
| strUser | strPassword |
| 1061726699 | Choucair2021* | [Rose open up [Rose opens the Choucair academy page], Rose login [Rose clicks on button  that shows  us the  form  to login, Rose enters '1061726699' into where do you write the user, Rose enters 'Choucair2021*' into where do we write the password, Rose clicks on button to confirm login]], When she search for the  course on the  Choucair  Academy  Platform
| strCourse |
| Foundation Express | [Rose search [Rose clicks on Selecciona la universidad Choucair, Rose enters 'Foundation Express' into Buscar curso, Rose clicks on Da click para buscar el curso, Rose clicks on Ingresa al curso]], Then she finds the course called
| strCourse |
| Foundation Express | [Then answer]]
[Test worker] INFO net.thucydides.core.steps.ConsoleLoggingListener - 
        __    _____ _____ ____ _____   ____   _    ____  ____  _____ ____  
  _     \ \  |_   _| ____/ ___|_   _| |  _ \ / \  / ___|/ ___|| ____|  _ \ 
 (_)_____| |   | | |  _| \___ \ | |   | |_) / _ \ \___ \\___ \|  _| | | | |
  _|_____| |   | | | |___ ___) || |   |  __/ ___ \ ___) |___) | |___| |_| |
 (_)     | |   |_| |_____|____/ |_|   |_| /_/   \_\____/|____/|_____|____/ 
        /_/                                                                

TEST PASSED: Search for automation course
----------------------------------------------------------------------------
]]></system-err>
</testsuite>
